<?xml version="1.0" encoding="UTF-8"?>
<!-- Generated by org.testng.reporters.JUnitReportReporter -->
<testsuite hostname="USER-PC" name="TestApi" tests="2" failures="0" timestamp="21 Jan 2016 23:17:38 GMT" time="85.128" errors="0">
  <testcase name="testApi" time="84.441" classname="TestApi"/>
  <testcase name="testApi" time="0.687" classname="TestApi"/>
</testsuite> <!-- TestApi -->
