<?xml version="1.0" encoding="UTF-8"?>
<!-- Generated by org.testng.reporters.JUnitReportReporter -->
<testsuite hostname="USER-PC" name="TestWiki" tests="1" failures="0" timestamp="21 Jan 2016 23:20:04 GMT" time="16.984" errors="0">
  <testcase name="testWiki" time="16.984" classname="TestWiki"/>
</testsuite> <!-- TestWiki -->
